<?xml version="1.0" encoding="UTF-8"?>
<testsuite xmlns:xsi="http://www.w3.org/2001/XMLSchema-instance" xsi:noNamespaceSchemaLocation="https://maven.apache.org/surefire/maven-surefire-plugin/xsd/surefire-test-report-3.0.xsd" version="3.0" name="TestSuite" time="32.346" tests="3" errors="0" skipped="0" failures="2">
  <properties>
[...]
</properties>
  <testcase name="successfulLogin" classname="test.LoginTest" time="13.574">
    <failure message="An element could not be located on the page using the given search parameters.&#10;For documentation on this error, please visit: https://www.seleniumhq.org/exceptions/no_such_element.html&#10;Build info: version: &apos;3.141.59&apos;, revision: &apos;e82be7d358&apos;, time: &apos;2018-11-14T08:17:03&apos;&#10;System info: host: &apos;LAPTOP-DLNTGBE5&apos;, ip: &apos;192.168.80.1&apos;, os.name: &apos;Windows 10&apos;, os.arch: &apos;amd64&apos;, os.version: &apos;10.0&apos;, java.version: &apos;16.0.1&apos;&#10;Driver info: io.appium.java_client.android.AndroidDriver&#10;Capabilities {appActivity: com.nesine.ui.taboutside.sp..., appPackage: com.pordiva.nesine.android, databaseEnabled: false, desired: {appActivity: com.nesine.ui.taboutside.sp..., appPackage: com.pordiva.nesine.android, deviceName: Pixel 4 API 33, noReset: false, platformName: android, platformVersion: 13.0, skipUnlock: true, uuid: emulator-5554}, deviceApiLevel: 33, deviceManufacturer: Google, deviceModel: sdk_gphone64_x86_64, deviceName: emulator-5554, deviceScreenDensity: 440, deviceScreenSize: 1080x2280, deviceUDID: emulator-5554, javascriptEnabled: true, locationContextEnabled: false, networkConnectionEnabled: true, noReset: false, pixelRatio: 2.75, platform: LINUX, platformName: Android, platformVersion: 13, skipUnlock: true, statBarHeight: 83, takesScreenshot: true, uuid: emulator-5554, viewportRect: {height: 2131, left: 0, top: 83, width: 1080}, warnings: {}, webStorageEnabled: false}&#10;Session ID: f628899a-0a63-42fe-8dfa-d3cdfbce40d2&#10;*** Element info: {Using=id, value=com.pordiva.nesine.android:id/my_account_layout}" type="org.openqa.selenium.NoSuchElementException"><![CDATA[org.openqa.selenium.NoSuchElementException: 
An element could not be located on the page using the given search parameters.
For documentation on this error, please visit: https://www.seleniumhq.org/exceptions/no_such_element.html
Build info: version: '3.141.59', revision: 'e82be7d358', time: '2018-11-14T08:17:03'
System info: host: 'LAPTOP-DLNTGBE5', ip: '192.168.80.1', os.name: 'Windows 10', os.arch: 'amd64', os.version: '10.0', java.version: '16.0.1'
Driver info: io.appium.java_client.android.AndroidDriver
Capabilities {appActivity: com.nesine.ui.taboutside.sp..., appPackage: com.pordiva.nesine.android, databaseEnabled: false, desired: {appActivity: com.nesine.ui.taboutside.sp..., appPackage: com.pordiva.nesine.android, deviceName: Pixel 4 API 33, noReset: false, platformName: android, platformVersion: 13.0, skipUnlock: true, uuid: emulator-5554}, deviceApiLevel: 33, deviceManufacturer: Google, deviceModel: sdk_gphone64_x86_64, deviceName: emulator-5554, deviceScreenDensity: 440, deviceScreenSize: 1080x2280, deviceUDID: emulator-5554, javascriptEnabled: true, locationContextEnabled: false, networkConnectionEnabled: true, noReset: false, pixelRatio: 2.75, platform: LINUX, platformName: Android, platformVersion: 13, skipUnlock: true, statBarHeight: 83, takesScreenshot: true, uuid: emulator-5554, viewportRect: {height: 2131, left: 0, top: 83, width: 1080}, warnings: {}, webStorageEnabled: false}
Session ID: f628899a-0a63-42fe-8dfa-d3cdfbce40d2
*** Element info: {Using=id, value=com.pordiva.nesine.android:id/my_account_layout}
	at java.base/jdk.internal.reflect.NativeConstructorAccessorImpl.newInstance0(Native Method)
	at java.base/jdk.internal.reflect.NativeConstructorAccessorImpl.newInstance(NativeConstructorAccessorImpl.java:78)
	at java.base/jdk.internal.reflect.DelegatingConstructorAccessorImpl.newInstance(DelegatingConstructorAccessorImpl.java:45)
	at java.base/java.lang.reflect.Constructor.newInstanceWithCaller(Constructor.java:499)
	at java.base/java.lang.reflect.Constructor.newInstance(Constructor.java:480)
	at org.openqa.selenium.remote.http.W3CHttpResponseCodec.createException(W3CHttpResponseCodec.java:187)
	at org.openqa.selenium.remote.http.W3CHttpResponseCodec.decode(W3CHttpResponseCodec.java:122)
	at org.openqa.selenium.remote.http.W3CHttpResponseCodec.decode(W3CHttpResponseCodec.java:49)
	at org.openqa.selenium.remote.HttpCommandExecutor.execute(HttpCommandExecutor.java:158)
	at io.appium.java_client.remote.AppiumCommandExecutor.execute(AppiumCommandExecutor.java:239)
	at org.openqa.selenium.remote.RemoteWebDriver.execute(RemoteWebDriver.java:552)
	at io.appium.java_client.DefaultGenericMobileDriver.execute(DefaultGenericMobileDriver.java:41)
	at io.appium.java_client.AppiumDriver.execute(AppiumDriver.java:1)
	at io.appium.java_client.android.AndroidDriver.execute(AndroidDriver.java:1)
	at org.openqa.selenium.remote.RemoteWebDriver.findElement(RemoteWebDriver.java:323)
	at io.appium.java_client.DefaultGenericMobileDriver.findElement(DefaultGenericMobileDriver.java:61)
	at io.appium.java_client.AppiumDriver.findElement(AppiumDriver.java:1)
	at io.appium.java_client.android.AndroidDriver.findElement(AndroidDriver.java:1)
	at org.openqa.selenium.remote.RemoteWebDriver.findElementById(RemoteWebDriver.java:372)
	at io.appium.java_client.DefaultGenericMobileDriver.findElementById(DefaultGenericMobileDriver.java:69)
	at io.appium.java_client.AppiumDriver.findElementById(AppiumDriver.java:1)
	at io.appium.java_client.android.AndroidDriver.findElementById(AndroidDriver.java:1)
	at org.openqa.selenium.By$ById.findElement(By.java:188)
	at org.openqa.selenium.remote.RemoteWebDriver.findElement(RemoteWebDriver.java:315)
	at io.appium.java_client.DefaultGenericMobileDriver.findElement(DefaultGenericMobileDriver.java:57)
	at io.appium.java_client.AppiumDriver.findElement(AppiumDriver.java:1)
	at io.appium.java_client.android.AndroidDriver.findElement(AndroidDriver.java:1)
	at test.LoginTest.performLogout(LoginTest.java:116)
	at test.LoginTest.successfulLogin(LoginTest.java:61)
	at java.base/jdk.internal.reflect.NativeMethodAccessorImpl.invoke0(Native Method)
	at java.base/jdk.internal.reflect.NativeMethodAccessorImpl.invoke(NativeMethodAccessorImpl.java:78)
	at java.base/jdk.internal.reflect.DelegatingMethodAccessorImpl.invoke(DelegatingMethodAccessorImpl.java:43)
	at java.base/java.lang.reflect.Method.invoke(Method.java:567)
	at org.testng.internal.invokers.MethodInvocationHelper.invokeMethod(MethodInvocationHelper.java:139)
	at org.testng.internal.invokers.TestInvoker.invokeMethod(TestInvoker.java:664)
	at org.testng.internal.invokers.TestInvoker.invokeTestMethod(TestInvoker.java:228)
	at org.testng.internal.invokers.MethodRunner.runInSequence(MethodRunner.java:63)
	at org.testng.internal.invokers.TestInvoker$MethodInvocationAgent.invoke(TestInvoker.java:961)
	at org.testng.internal.invokers.TestInvoker.invokeTestMethods(TestInvoker.java:201)
	at org.testng.internal.invokers.TestMethodWorker.invokeTestMethods(TestMethodWorker.java:148)
	at org.testng.internal.invokers.TestMethodWorker.run(TestMethodWorker.java:128)
	at java.base/java.util.ArrayList.forEach(ArrayList.java:1511)
	at org.testng.TestRunner.privateRun(TestRunner.java:819)
	at org.testng.TestRunner.run(TestRunner.java:619)
	at org.testng.SuiteRunner.runTest(SuiteRunner.java:443)
	at org.testng.SuiteRunner.runSequentially(SuiteRunner.java:437)
	at org.testng.SuiteRunner.privateRun(SuiteRunner.java:397)
	at org.testng.SuiteRunner.run(SuiteRunner.java:336)
	at org.testng.SuiteRunnerWorker.runSuite(SuiteRunnerWorker.java:52)
	at org.testng.SuiteRunnerWorker.run(SuiteRunnerWorker.java:95)
	at org.testng.TestNG.runSuitesSequentially(TestNG.java:1301)
	at org.testng.TestNG.runSuitesLocally(TestNG.java:1228)
	at org.testng.TestNG.runSuites(TestNG.java:1134)
	at org.testng.TestNG.run(TestNG.java:1101)
	at org.apache.maven.surefire.testng.TestNGExecutor.run(TestNGExecutor.java:155)
	at org.apache.maven.surefire.testng.TestNGDirectoryTestSuite.executeMulti(TestNGDirectoryTestSuite.java:169)
	at org.apache.maven.surefire.testng.TestNGDirectoryTestSuite.execute(TestNGDirectoryTestSuite.java:88)
	at org.apache.maven.surefire.testng.TestNGProvider.invoke(TestNGProvider.java:137)
	at org.apache.maven.surefire.booter.ForkedBooter.runSuitesInProcess(ForkedBooter.java:385)
	at org.apache.maven.surefire.booter.ForkedBooter.execute(ForkedBooter.java:162)
	at org.apache.maven.surefire.booter.ForkedBooter.run(ForkedBooter.java:507)
	at org.apache.maven.surefire.booter.ForkedBooter.main(ForkedBooter.java:495)
]]></failure>
    <system-out><![CDATA[13:28:41,786 |-INFO in ch.qos.logback.classic.LoggerContext[default] - Could NOT find resource [logback.groovy]
13:28:41,786 |-INFO in ch.qos.logback.classic.LoggerContext[default] - Could NOT find resource [logback-test.xml]
13:28:41,787 |-INFO in ch.qos.logback.classic.LoggerContext[default] - Found resource [logback.xml] at [jar:file:/C:/Users/ozkan/.m2/repository/com/comcast/magic-wand/core/4.0.3/core-4.0.3.jar!/logback.xml]
13:28:41,802 |-INFO in ch.qos.logback.core.joran.spi.ConfigurationWatchList@359f7cdf - URL [jar:file:/C:/Users/ozkan/.m2/repository/com/comcast/magic-wand/core/4.0.3/core-4.0.3.jar!/logback.xml] is not of type file
13:28:41,863 |-INFO in ch.qos.logback.classic.joran.action.ConfigurationAction - debug attribute not set
13:28:41,881 |-INFO in ch.qos.logback.core.joran.action.AppenderAction - About to instantiate appender of type [ch.qos.logback.core.ConsoleAppender]
13:28:41,883 |-INFO in ch.qos.logback.core.joran.action.AppenderAction - Naming appender as [A1]
13:28:41,905 |-ERROR in ch.qos.logback.core.joran.spi.Interpreter@23:17 - no applicable action for [follow], current ElementPath  is [[configuration][appender][follow]]
13:28:41,906 |-INFO in ch.qos.logback.core.joran.action.NestedComplexPropertyIA - Assuming default type [ch.qos.logback.classic.encoder.PatternLayoutEncoder] for [encoder] property
13:28:41,946 |-INFO in ch.qos.logback.classic.joran.action.LoggerAction - Setting level of logger [org.apache] to ERROR
13:28:41,946 |-INFO in ch.qos.logback.classic.joran.action.LoggerAction - Setting level of logger [httpclient.wire] to ERROR
13:28:41,946 |-INFO in ch.qos.logback.classic.joran.action.RootLoggerAction - Setting level of ROOT logger to DEBUG
13:28:41,946 |-INFO in ch.qos.logback.core.joran.action.AppenderRefAction - Attaching appender named [A1] to Logger[ROOT]
13:28:41,946 |-INFO in ch.qos.logback.classic.joran.action.ConfigurationAction - End of configuration.
13:28:41,947 |-INFO in ch.qos.logback.classic.joran.JoranConfigurator@1fa268de - Registering current configuration as safe fallback point

]]></system-out>
    <system-err><![CDATA[Oca 05, 2024 1:28:53 ÖS io.appium.java_client.remote.AppiumCommandExecutor$1 lambda$0
INFO: Detected dialect: W3C
]]></system-err>
  </testcase>
  <testcase name="unSuccessfulLogin" classname="test.LoginTest" time="5.819">
    <failure message="An element could not be located on the page using the given search parameters.&#10;For documentation on this error, please visit: https://www.seleniumhq.org/exceptions/no_such_element.html&#10;Build info: version: &apos;3.141.59&apos;, revision: &apos;e82be7d358&apos;, time: &apos;2018-11-14T08:17:03&apos;&#10;System info: host: &apos;LAPTOP-DLNTGBE5&apos;, ip: &apos;192.168.80.1&apos;, os.name: &apos;Windows 10&apos;, os.arch: &apos;amd64&apos;, os.version: &apos;10.0&apos;, java.version: &apos;16.0.1&apos;&#10;Driver info: io.appium.java_client.android.AndroidDriver&#10;Capabilities {appActivity: com.nesine.ui.taboutside.sp..., appPackage: com.pordiva.nesine.android, databaseEnabled: false, desired: {appActivity: com.nesine.ui.taboutside.sp..., appPackage: com.pordiva.nesine.android, deviceName: Pixel 4 API 33, noReset: false, platformName: android, platformVersion: 13.0, skipUnlock: true, uuid: emulator-5554}, deviceApiLevel: 33, deviceManufacturer: Google, deviceModel: sdk_gphone64_x86_64, deviceName: emulator-5554, deviceScreenDensity: 440, deviceScreenSize: 1080x2280, deviceUDID: emulator-5554, javascriptEnabled: true, locationContextEnabled: false, networkConnectionEnabled: true, noReset: false, pixelRatio: 2.75, platform: LINUX, platformName: Android, platformVersion: 13, skipUnlock: true, statBarHeight: 83, takesScreenshot: true, uuid: emulator-5554, viewportRect: {height: 2131, left: 0, top: 83, width: 1080}, warnings: {}, webStorageEnabled: false}&#10;Session ID: f628899a-0a63-42fe-8dfa-d3cdfbce40d2&#10;*** Element info: {Using=id, value=com.pordiva.nesine.android:id/btn_login}" type="org.openqa.selenium.NoSuchElementException"><![CDATA[org.openqa.selenium.NoSuchElementException: 
An element could not be located on the page using the given search parameters.
For documentation on this error, please visit: https://www.seleniumhq.org/exceptions/no_such_element.html
Build info: version: '3.141.59', revision: 'e82be7d358', time: '2018-11-14T08:17:03'
System info: host: 'LAPTOP-DLNTGBE5', ip: '192.168.80.1', os.name: 'Windows 10', os.arch: 'amd64', os.version: '10.0', java.version: '16.0.1'
Driver info: io.appium.java_client.android.AndroidDriver
Capabilities {appActivity: com.nesine.ui.taboutside.sp..., appPackage: com.pordiva.nesine.android, databaseEnabled: false, desired: {appActivity: com.nesine.ui.taboutside.sp..., appPackage: com.pordiva.nesine.android, deviceName: Pixel 4 API 33, noReset: false, platformName: android, platformVersion: 13.0, skipUnlock: true, uuid: emulator-5554}, deviceApiLevel: 33, deviceManufacturer: Google, deviceModel: sdk_gphone64_x86_64, deviceName: emulator-5554, deviceScreenDensity: 440, deviceScreenSize: 1080x2280, deviceUDID: emulator-5554, javascriptEnabled: true, locationContextEnabled: false, networkConnectionEnabled: true, noReset: false, pixelRatio: 2.75, platform: LINUX, platformName: Android, platformVersion: 13, skipUnlock: true, statBarHeight: 83, takesScreenshot: true, uuid: emulator-5554, viewportRect: {height: 2131, left: 0, top: 83, width: 1080}, warnings: {}, webStorageEnabled: false}
Session ID: f628899a-0a63-42fe-8dfa-d3cdfbce40d2
*** Element info: {Using=id, value=com.pordiva.nesine.android:id/btn_login}
	at java.base/jdk.internal.reflect.NativeConstructorAccessorImpl.newInstance0(Native Method)
	at java.base/jdk.internal.reflect.NativeConstructorAccessorImpl.newInstance(NativeConstructorAccessorImpl.java:78)
	at java.base/jdk.internal.reflect.DelegatingConstructorAccessorImpl.newInstance(DelegatingConstructorAccessorImpl.java:45)
	at java.base/java.lang.reflect.Constructor.newInstanceWithCaller(Constructor.java:499)
	at java.base/java.lang.reflect.Constructor.newInstance(Constructor.java:480)
	at org.openqa.selenium.remote.http.W3CHttpResponseCodec.createException(W3CHttpResponseCodec.java:187)
	at org.openqa.selenium.remote.http.W3CHttpResponseCodec.decode(W3CHttpResponseCodec.java:122)
	at org.openqa.selenium.remote.http.W3CHttpResponseCodec.decode(W3CHttpResponseCodec.java:49)
	at org.openqa.selenium.remote.HttpCommandExecutor.execute(HttpCommandExecutor.java:158)
	at io.appium.java_client.remote.AppiumCommandExecutor.execute(AppiumCommandExecutor.java:239)
	at org.openqa.selenium.remote.RemoteWebDriver.execute(RemoteWebDriver.java:552)
	at io.appium.java_client.DefaultGenericMobileDriver.execute(DefaultGenericMobileDriver.java:41)
	at io.appium.java_client.AppiumDriver.execute(AppiumDriver.java:1)
	at io.appium.java_client.android.AndroidDriver.execute(AndroidDriver.java:1)
	at org.openqa.selenium.remote.RemoteWebDriver.findElement(RemoteWebDriver.java:323)
	at io.appium.java_client.DefaultGenericMobileDriver.findElement(DefaultGenericMobileDriver.java:61)
	at io.appium.java_client.AppiumDriver.findElement(AppiumDriver.java:1)
	at io.appium.java_client.android.AndroidDriver.findElement(AndroidDriver.java:1)
	at org.openqa.selenium.remote.RemoteWebDriver.findElementById(RemoteWebDriver.java:372)
	at io.appium.java_client.DefaultGenericMobileDriver.findElementById(DefaultGenericMobileDriver.java:69)
	at io.appium.java_client.AppiumDriver.findElementById(AppiumDriver.java:1)
	at io.appium.java_client.android.AndroidDriver.findElementById(AndroidDriver.java:1)
	at org.openqa.selenium.By$ById.findElement(By.java:188)
	at org.openqa.selenium.remote.RemoteWebDriver.findElement(RemoteWebDriver.java:315)
	at io.appium.java_client.DefaultGenericMobileDriver.findElement(DefaultGenericMobileDriver.java:57)
	at io.appium.java_client.AppiumDriver.findElement(AppiumDriver.java:1)
	at io.appium.java_client.android.AndroidDriver.findElement(AndroidDriver.java:1)
	at test.LoginTest.performLogin(LoginTest.java:83)
	at test.LoginTest.unSuccessfulLogin(LoginTest.java:67)
	at java.base/jdk.internal.reflect.NativeMethodAccessorImpl.invoke0(Native Method)
	at java.base/jdk.internal.reflect.NativeMethodAccessorImpl.invoke(NativeMethodAccessorImpl.java:78)
	at java.base/jdk.internal.reflect.DelegatingMethodAccessorImpl.invoke(DelegatingMethodAccessorImpl.java:43)
	at java.base/java.lang.reflect.Method.invoke(Method.java:567)
	at org.testng.internal.invokers.MethodInvocationHelper.invokeMethod(MethodInvocationHelper.java:139)
	at org.testng.internal.invokers.TestInvoker.invokeMethod(TestInvoker.java:664)
	at org.testng.internal.invokers.TestInvoker.invokeTestMethod(TestInvoker.java:228)
	at org.testng.internal.invokers.MethodRunner.runInSequence(MethodRunner.java:63)
	at org.testng.internal.invokers.TestInvoker$MethodInvocationAgent.invoke(TestInvoker.java:961)
	at org.testng.internal.invokers.TestInvoker.invokeTestMethods(TestInvoker.java:201)
	at org.testng.internal.invokers.TestMethodWorker.invokeTestMethods(TestMethodWorker.java:148)
	at org.testng.internal.invokers.TestMethodWorker.run(TestMethodWorker.java:128)
	at java.base/java.util.ArrayList.forEach(ArrayList.java:1511)
	at org.testng.TestRunner.privateRun(TestRunner.java:819)
	at org.testng.TestRunner.run(TestRunner.java:619)
	at org.testng.SuiteRunner.runTest(SuiteRunner.java:443)
	at org.testng.SuiteRunner.runSequentially(SuiteRunner.java:437)
	at org.testng.SuiteRunner.privateRun(SuiteRunner.java:397)
	at org.testng.SuiteRunner.run(SuiteRunner.java:336)
	at org.testng.SuiteRunnerWorker.runSuite(SuiteRunnerWorker.java:52)
	at org.testng.SuiteRunnerWorker.run(SuiteRunnerWorker.java:95)
	at org.testng.TestNG.runSuitesSequentially(TestNG.java:1301)
	at org.testng.TestNG.runSuitesLocally(TestNG.java:1228)
	at org.testng.TestNG.runSuites(TestNG.java:1134)
	at org.testng.TestNG.run(TestNG.java:1101)
	at org.apache.maven.surefire.testng.TestNGExecutor.run(TestNGExecutor.java:155)
	at org.apache.maven.surefire.testng.TestNGDirectoryTestSuite.executeMulti(TestNGDirectoryTestSuite.java:169)
	at org.apache.maven.surefire.testng.TestNGDirectoryTestSuite.execute(TestNGDirectoryTestSuite.java:88)
	at org.apache.maven.surefire.testng.TestNGProvider.invoke(TestNGProvider.java:137)
	at org.apache.maven.surefire.booter.ForkedBooter.runSuitesInProcess(ForkedBooter.java:385)
	at org.apache.maven.surefire.booter.ForkedBooter.execute(ForkedBooter.java:162)
	at org.apache.maven.surefire.booter.ForkedBooter.run(ForkedBooter.java:507)
	at org.apache.maven.surefire.booter.ForkedBooter.main(ForkedBooter.java:495)
]]></failure>
  </testcase>
  <testcase name="testApp on testApp(nesineotomasyon.AppTest)" classname="nesineotomasyon.AppTest" time="0.002">
    <system-out><![CDATA[[MagicWand-WARN ](main) org.testng.TestRunner - Support to run JUnit tests using TestNG stands deprecated and will be removed in future versions. You can now use the JUnit5 TestNG engine to run both JUnit and TestNG tests. For more information refer to https://github.com/junit-team/testng-engine .
]]></system-out>
  </testcase>
</testsuite>