<?xml version="1.0" encoding="UTF-8"?>
<testng-results ignored="0" total="1" passed="1" failed="0" skipped="0">
  <reporter-output>
  </reporter-output>
  <suite started-at="2024-01-05T13:29:13 TRT" name="Surefire suite" finished-at="2024-01-05T13:29:14 TRT" duration-ms="114">
    <groups>
    </groups>
    <test started-at="2024-01-05T13:29:13 TRT" name="Surefire test" finished-at="2024-01-05T13:29:14 TRT" duration-ms="114">
      <class name="nesineotomasyon.AppTest">
        <test-method signature="testApp()" started-at="2024-01-05T13:29:13 TRT" name="testApp" finished-at="2024-01-05T13:29:13 TRT" duration-ms="15" status="PASS">
          <reporter-output>
          </reporter-output>
        </test-method> <!-- testApp -->
      </class> <!-- nesineotomasyon.AppTest -->
    </test> <!-- Surefire test -->
  </suite> <!-- Surefire suite -->
</testng-results>
